
> client@0.0.0 dev
> vite


  VITE v8.0.3  ready in 208 ms

  ➜  Local:   http://localhost:5173/
  ➜  Network: use --host to expose
  ➜  press h + enter to show help
node:events:486
      throw er; // Unhandled 'error' event
      ^

Error: read EIO
    at TTY.onStreamRead (node:internal/stream_base_commons:216:20)
Emitted 'error' event on Interface instance at:
    at ReadStream.onerror (node:internal/readline/interface:259:10)
    at ReadStream.emit (node:events:508:28)
    at emitErrorNT (node:internal/streams/destroy:170:8)
    at emitErrorCloseNT (node:internal/streams/destroy:129:3)
    at process.processTicksAndRejections (node:internal/process/task_queues:89:21) {
  errno: -5,
  code: 'EIO',
  syscall: 'read'
}

Node.js v25.2.1
